[     374ms] [WARNING] A preload for 'https://cdn.shopify.com/extensions/019c9dd5-0ad1-71ce-8051-7fbe1e57c62b/menufrontend-311/assets/globo.menu.replace.js' is found, but is not used because the request credentials mode does not match. Consider taking a look at crossorigin attribute. @ https://www.lifetime-health.de/products/lifetime-nmn:0
[     712ms] [INFO] [HotReload] CLI hot reload disabled - No hot reload port specified. @ https://www.lifetime-health.de/cdn/shopifycloud/theme-hot-reload/theme-hot-reload.js:316
[     917ms] TypeError: Cannot read properties of null (reading 'classList')
    at HTMLElement.init (https://www.lifetime-health.de/cdn/shop/t/66/assets/component-product-form.js?v=155592394949544055791774972546:1:2971)
    at new ProductVariants2 (https://www.lifetime-health.de/cdn/shop/t/66/assets/component-product-form.js?v=155592394949544055791774972546:1:260)
    at https://www.lifetime-health.de/cdn/shop/t/66/assets/component-product-form.js?v=155592394949544055791774972546:1:18753
[    1226ms] [LOG] Consentmo -> customerPrivacy loaded from loadFeatures @ https://cdn.shopify.com/extensions/019d4ed2-2222-7890-ad7e-c4fc36c550c5/consentmo-gdpr-695/assets/consentmo_cookie_consent.js:0
[    1290ms] [LOG] [TABOOLA DEBUG SANDBOXED] - Extension Loaded @ https://www.lifetime-health.de/web-pixels/strict/app/web-pixel-3234234743@256e0f107bfa102eabd3cbf632fd11d1.js:0
[    1425ms] [LOG] LIQUID - consentmoSignal_onLoad event {isActive: true, consent: Object} @ https://cdn.shopify.com/extensions/aeb61bea-dfdd-41b5-9ccc-da025818f0a6/inbox-1260/assets/shopifyChatV1Widget.js:1
[    1426ms] [LOG] LIQUID - set default-consent and subscribe consentmoSignal for consent-update @ https://cdn.shopify.com/extensions/aeb61bea-dfdd-41b5-9ccc-da025818f0a6/inbox-1260/assets/shopifyChatV1Widget.js:1
[    1430ms] [LOG] LIQUID - consentmoSignal event {status: all_allowed, initialConsent: true, isConsentProvided: true, salesOfData: true, outOfRegion: false} @ https://cdn.shopify.com/extensions/aeb61bea-dfdd-41b5-9ccc-da025818f0a6/inbox-1260/assets/shopifyChatV1Widget.js:1
[    1431ms] [LOG] LIQUID - dataLayer [Arguments(3), Object, Arguments(3), Arguments(2), Arguments(3), Arguments(3), Arguments(3), Arguments(2), Arguments(3), Arguments(3), Arguments(3), Arguments(3), Arguments(3)] @ https://cdn.shopify.com/extensions/aeb61bea-dfdd-41b5-9ccc-da025818f0a6/inbox-1260/assets/shopifyChatV1Widget.js:1
[    1450ms] [LOG] Running... @ https://www.lifetime-health.de/web-pixels/strict/app/web-pixel-254541924@c5d4d7bbb4a4a4292a8a7b5334af7e3d.js:0
[    1540ms] [WARNING] In a sandboxed environment, addEventListener may not behave as expected. @ https://www.lifetime-health.de/cdn/wpm/scfa8229ew36b6053dp1e134caame9d83f21m.js:0
[    1667ms] [LOG] [TABOOLA DEBUG SANDBOXED] - product_view: Before [[product_view]] @ https://www.lifetime-health.de/web-pixels/strict/app/web-pixel-3234234743@256e0f107bfa102eabd3cbf632fd11d1.js:0
[    1705ms] [LOG] analytics: true marketing: true functionality: true @ https://cdn.shopify.com/extensions/aeb61bea-dfdd-41b5-9ccc-da025818f0a6/inbox-1260/assets/shopifyChatV1Widget.js:1
[    1668ms] [LOG] [TABOOLA DEBUG SANDBOXED] - page_view: Before [[page_view]] @ https://www.lifetime-health.de/web-pixels/strict/app/web-pixel-3234234743@256e0f107bfa102eabd3cbf632fd11d1.js:0
[    1669ms] [LOG] [TABOOLA DEBUG SANDBOXED] - product_view: After [[product_view]] @ https://www.lifetime-health.de/web-pixels/strict/app/web-pixel-3234234743@256e0f107bfa102eabd3cbf632fd11d1.js:0
[    1671ms] [LOG] [TABOOLA DEBUG SANDBOXED] - page_view: After [[page_view]] @ https://www.lifetime-health.de/web-pixels/strict/app/web-pixel-3234234743@256e0f107bfa102eabd3cbf632fd11d1.js:0
[    1791ms] [LOG] Consentmo - customerPrivacy loaded after loadFeatures @ https://cdn.shopify.com/extensions/aeb61bea-dfdd-41b5-9ccc-da025818f0a6/inbox-1260/assets/shopifyChatV1Widget.js:1
[    1990ms] [ERROR] Failed to load resource: net::ERR_CERT_AUTHORITY_INVALID @ https://fh.lifetime-health.com/g/collect?v=2&tid=G-12345678&gtm=45je6411z89187341318za20gzb9187341318zd9187341318&_p=1775165690791&gcd=13l3l3l2l1l1&npa=1&dma_cps=a&dma=1&cid=2087899612.1775164691&ecid=1064344926&ul=de-de&sr=1440x900&_fplc=0&ur=DE-NW&uaa=arm&uab=64&uafvl=Chromium%3B146.0.7680.165%7CNot-A.Brand%3B24.0.0.0%7CGoogle%2520Chrome%3B146.0.7680.165&uamb=0&uam=&uap=macOS&uapv=15.5.0&uaw=0&are=1&frm=1&pscdl=noapi&ec_mode=c&_eu=AAAAAAQ&sst.etld=google.de&sst.gcsub=region1&sst.tft=1775165690791&sst.lpc=34938812&sst.navt=n&sst.ude=0&sst.sw_exp=1&_s=1&tag_exp=0~115616986~115938465~115938469~116991816&sid=1775164690&sct=1&seg=1&dl=https%3A%2F%2Fwww.lifetime-health.de%2Fweb-pixels%40cfa8229ew36b6053dp1e134caame9d83f21%2Fcustom%2Fweb-pixel-32211044%402%2Fsandbox%2Fmodern%2Fproducts%2Flifetime-nmn&dt=NMN%20Pulver%20Premium%20%7C%20%3E99%2C9%25%20Reinheit%20%7C%20NAD%E2%81%BA-Baustein%20%E2%80%93%20LIFETIME%20Longevity%20%26%20Health&_tu=BA&en=page_view&ep.event_name=page_view&epn.event_time=1775165691&ep.event_id=1775165691236.625738.4&ep.x-fb-ck-fbp=fb.1.1775164691995.571826089310953674&ep.user_data.email_address=&ep.user_data.phone_number=&ep.user_data.address.first_name=&ep.user_data.address.last_name=&ep.user_data.address.city=&ep.user_data.address.postal_code=&ep.user_data.address.country=&ep.user_data.address.state=&tfd=1049&richsstsse:0
[    2623ms] [ERROR] Failed to load resource: net::ERR_CERT_AUTHORITY_INVALID @ https://fh.lifetime-health.com/g/collect?v=2&tid=G-12345678&gtm=45je6411z89187341318za20gzb9187341318zd9187341318&_p=1775165690070&gcs=G111&gcd=13r3r3r2r5l1&npa=0&dma_cps=a&dma=1&cid=2087899612.1775164691&ecid=1064344926&ul=de-de&sr=1440x900&_fplc=0&ur=DE-NW&uaa=arm&uab=64&uafvl=Chromium%3B146.0.7680.165%7CNot-A.Brand%3B24.0.0.0%7CGoogle%2520Chrome%3B146.0.7680.165&uamb=0&uam=&uap=macOS&uapv=15.5.0&uaw=0&are=1&frm=0&pscdl=noapi&ec_mode=c&_eu=AAAAAAQ&sst.rnd=1279072682.1775165692&sst.etld=google.de&sst.gcsub=region1&sst.tft=1775165690070&sst.lpc=222632838&sst.navt=n&sst.ude=0&sst.sw_exp=1&_s=1&tag_exp=0~115938465~115938468~116991816&sid=1775164690&sct=1&seg=1&dl=https%3A%2F%2Fwww.lifetime-health.de%2Fproducts%2Flifetime-nmn&dt=NMN%20Pulver%20Premium%20%7C%20%3E99%2C9%25%20Reinheit%20%7C%20NAD%E2%81%BA-Baustein%20%E2%80%93%20LIFETIME%20Longevity%20%26%20Health&_tu=BA&en=page_view&ep.event_name=page_view&epn.event_time=1775165691&ep.event_id=1775165691286.449464.4&ep.x-fb-ck-fbp=fb.1.1775164691995.571826089310953674&_et=6&ep.user_data.email_address=&ep.user_data.phone_number=&ep.user_data.address.first_name=&ep.user_data.address.last_name=&ep.user_data.address.city=&ep.user_data.address.postal_code=&ep.user_data.address.country=&ep.user_data.address.state=&tfd=1924&richsstsse:0
[    2782ms] [LOG] [TABOOLA DEBUG] - Loading tfa.js @ https://cdn.shopify.com/extensions/aeb61bea-dfdd-41b5-9ccc-da025818f0a6/inbox-1260/assets/shopifyChatV1Widget.js:1
[    2782ms] [LOG] [TABOOLA DEBUG] - tfa.js Loaded successfully @ https://cdn.shopify.com/extensions/aeb61bea-dfdd-41b5-9ccc-da025818f0a6/inbox-1260/assets/shopifyChatV1Widget.js:1
[    2782ms] [LOG] [TABOOLA DEBUG] - HEALTH LOG - Before [[page_view]] - before_tfa @ https://cdn.shopify.com/extensions/aeb61bea-dfdd-41b5-9ccc-da025818f0a6/inbox-1260/assets/shopifyChatV1Widget.js:1
[    2782ms] [LOG] [TABOOLA DEBUG] - HEALTH LOG - After [[page_view]] - after_tfa @ https://cdn.shopify.com/extensions/aeb61bea-dfdd-41b5-9ccc-da025818f0a6/inbox-1260/assets/shopifyChatV1Widget.js:1
[    2783ms] [LOG] [TABOOLA DEBUG] - HEALTH LOG - Before [[page_view]] http method - before_http @ https://cdn.shopify.com/extensions/aeb61bea-dfdd-41b5-9ccc-da025818f0a6/inbox-1260/assets/shopifyChatV1Widget.js:1
[    2783ms] [LOG] [TABOOLA DEBUG] - HEALTH LOG - After [[page_view]] http method - after_http @ https://cdn.shopify.com/extensions/aeb61bea-dfdd-41b5-9ccc-da025818f0a6/inbox-1260/assets/shopifyChatV1Widget.js:1
[    2783ms] [LOG] [TABOOLA DEBUG] - HEALTH LOG - Before [[product_view]] - before_tfa @ https://cdn.shopify.com/extensions/aeb61bea-dfdd-41b5-9ccc-da025818f0a6/inbox-1260/assets/shopifyChatV1Widget.js:1
[    2783ms] [LOG] [TABOOLA DEBUG] - HEALTH LOG - After [[product_view]] - after_tfa @ https://cdn.shopify.com/extensions/aeb61bea-dfdd-41b5-9ccc-da025818f0a6/inbox-1260/assets/shopifyChatV1Widget.js:1
[    2784ms] [LOG] [TABOOLA DEBUG] - HEALTH LOG - Before [[product_view]] http method - before_http @ https://cdn.shopify.com/extensions/aeb61bea-dfdd-41b5-9ccc-da025818f0a6/inbox-1260/assets/shopifyChatV1Widget.js:1
[    2784ms] [LOG] [TABOOLA DEBUG] - HEALTH LOG - After [[product_view]] http method - after_http @ https://cdn.shopify.com/extensions/aeb61bea-dfdd-41b5-9ccc-da025818f0a6/inbox-1260/assets/shopifyChatV1Widget.js:1
[    3113ms] [ERROR] Attestation check for Attribution Reporting on https://trc.taboola.com failed. @ https://www.lifetime-health.de/products/lifetime-nmn:0
[    9945ms] [WARNING] The resource https://cdn.shopify.com/extensions/019c9dd5-0ad1-71ce-8051-7fbe1e57c62b/menufrontend-311/assets/globo.menu.replace.js was preloaded using link preload but not used within a few seconds from the window's load event. Please make sure it has an appropriate `as` value and it is preloaded intentionally. @ https://www.lifetime-health.de/products/lifetime-nmn:0
[   26389ms] [WARNING] The resource https://cdn.shopify.com/extensions/019c9dd5-0ad1-71ce-8051-7fbe1e57c62b/menufrontend-311/assets/globo.menu.replace.js was preloaded using link preload but not used within a few seconds from the window's load event. Please make sure it has an appropriate `as` value and it is preloaded intentionally. @ https://www.lifetime-health.de/products/lifetime-nmn:0
[   39389ms] [WARNING] The resource https://cdn.shopify.com/extensions/019c9dd5-0ad1-71ce-8051-7fbe1e57c62b/menufrontend-311/assets/globo.menu.replace.js was preloaded using link preload but not used within a few seconds from the window's load event. Please make sure it has an appropriate `as` value and it is preloaded intentionally. @ https://www.lifetime-health.de/products/lifetime-nmn:0
[   69642ms] [WARNING] The resource https://cdn.shopify.com/extensions/019c9dd5-0ad1-71ce-8051-7fbe1e57c62b/menufrontend-311/assets/globo.menu.replace.js was preloaded using link preload but not used within a few seconds from the window's load event. Please make sure it has an appropriate `as` value and it is preloaded intentionally. @ https://www.lifetime-health.de/products/lifetime-nmn:0
